<?xml version="1.0" encoding="UTF-8"?>
<testng-results ignored="0" total="37" passed="37" failed="0" skipped="0">
  <reporter-output>
  </reporter-output>
  <suite started-at="2020-11-18T14:08:58 ART" name="Surefire suite" finished-at="2020-11-18T14:10:34 ART" duration-ms="96431">
    <groups>
    </groups>
    <test started-at="2020-11-18T14:08:58 ART" name="Surefire test" finished-at="2020-11-18T14:10:34 ART" duration-ms="96431">
      <class name="edu.isistan.controller.ViajeControllerTest">
        <test-method signature="getViajeTest()" started-at="2020-11-18T14:10:00 ART" name="getViajeTest" finished-at="2020-11-18T14:10:10 ART" duration-ms="10196" status="PASS">
          <reporter-output>
          </reporter-output>
        </test-method> <!-- getViajeTest -->
        <test-method signature="crearViajeSinDatosTest()" started-at="2020-11-18T14:10:00 ART" name="crearViajeSinDatosTest" finished-at="2020-11-18T14:10:15 ART" duration-ms="14824" status="PASS">
          <reporter-output>
          </reporter-output>
        </test-method> <!-- crearViajeSinDatosTest -->
        <test-method signature="borrarViajeTest()" started-at="2020-11-18T14:10:00 ART" name="borrarViajeTest" finished-at="2020-11-18T14:10:34 ART" duration-ms="34223" status="PASS">
          <reporter-output>
          </reporter-output>
        </test-method> <!-- borrarViajeTest -->
        <test-method signature="borrarViajeDeOtroUsuarioTest()" started-at="2020-11-18T14:10:00 ART" name="borrarViajeDeOtroUsuarioTest" finished-at="2020-11-18T14:10:08 ART" duration-ms="8250" status="PASS">
          <reporter-output>
          </reporter-output>
        </test-method> <!-- borrarViajeDeOtroUsuarioTest -->
        <test-method signature="borrarViajeNoEncontradoTest()" started-at="2020-11-18T14:10:00 ART" name="borrarViajeNoEncontradoTest" finished-at="2020-11-18T14:10:24 ART" duration-ms="24136" status="PASS">
          <reporter-output>
          </reporter-output>
        </test-method> <!-- borrarViajeNoEncontradoTest -->
        <test-method signature="crearViajeTest()" started-at="2020-11-18T14:10:00 ART" name="crearViajeTest" finished-at="2020-11-18T14:10:26 ART" duration-ms="26310" status="PASS">
          <reporter-output>
          </reporter-output>
        </test-method> <!-- crearViajeTest -->
        <test-method signature="getViajesDeUsuarioPendientesTest()" started-at="2020-11-18T14:10:00 ART" name="getViajesDeUsuarioPendientesTest" finished-at="2020-11-18T14:10:22 ART" duration-ms="21803" status="PASS">
          <reporter-output>
          </reporter-output>
        </test-method> <!-- getViajesDeUsuarioPendientesTest -->
        <test-method signature="getViajesDeUsuarioRealizadosTest()" started-at="2020-11-18T14:10:00 ART" name="getViajesDeUsuarioRealizadosTest" finished-at="2020-11-18T14:10:02 ART" duration-ms="2017" status="PASS">
          <reporter-output>
          </reporter-output>
        </test-method> <!-- getViajesDeUsuarioRealizadosTest -->
        <test-method signature="getViajesDeUsuarioTest()" started-at="2020-11-18T14:10:00 ART" name="getViajesDeUsuarioTest" finished-at="2020-11-18T14:10:04 ART" duration-ms="4215" status="PASS">
          <reporter-output>
          </reporter-output>
        </test-method> <!-- getViajesDeUsuarioTest -->
        <test-method signature="modificarViajeNoEncontradoTest()" started-at="2020-11-18T14:10:00 ART" name="modificarViajeNoEncontradoTest" finished-at="2020-11-18T14:10:32 ART" duration-ms="32220" status="PASS">
          <reporter-output>
          </reporter-output>
        </test-method> <!-- modificarViajeNoEncontradoTest -->
        <test-method signature="modificarViajeDeOtroUsuarioTest()" started-at="2020-11-18T14:10:00 ART" name="modificarViajeDeOtroUsuarioTest" finished-at="2020-11-18T14:10:17 ART" duration-ms="17146" status="PASS">
          <reporter-output>
          </reporter-output>
        </test-method> <!-- modificarViajeDeOtroUsuarioTest -->
        <test-method signature="modificarViajeTest()" started-at="2020-11-18T14:10:00 ART" name="modificarViajeTest" finished-at="2020-11-18T14:10:19 ART" duration-ms="19417" status="PASS">
          <reporter-output>
          </reporter-output>
        </test-method> <!-- modificarViajeTest -->
        <test-method signature="crearViajeConFinMayorAlInicioTest()" started-at="2020-11-18T14:10:00 ART" name="crearViajeConFinMayorAlInicioTest" finished-at="2020-11-18T14:10:28 ART" duration-ms="28257" status="PASS">
          <reporter-output>
          </reporter-output>
        </test-method> <!-- crearViajeConFinMayorAlInicioTest -->
        <test-method signature="getViajeNoEncontradoTest()" started-at="2020-11-18T14:10:00 ART" name="getViajeNoEncontradoTest" finished-at="2020-11-18T14:10:12 ART" duration-ms="12206" status="PASS">
          <reporter-output>
          </reporter-output>
        </test-method> <!-- getViajeNoEncontradoTest -->
        <test-method signature="getViajeDeOtroUsuarioTest()" started-at="2020-11-18T14:10:00 ART" name="getViajeDeOtroUsuarioTest" finished-at="2020-11-18T14:10:06 ART" duration-ms="6172" status="PASS">
          <reporter-output>
          </reporter-output>
        </test-method> <!-- getViajeDeOtroUsuarioTest -->
        <test-method signature="modificarViajeSinDatosTest()" started-at="2020-11-18T14:10:00 ART" name="modificarViajeSinDatosTest" finished-at="2020-11-18T14:10:30 ART" duration-ms="30197" status="PASS">
          <reporter-output>
          </reporter-output>
        </test-method> <!-- modificarViajeSinDatosTest -->
      </class> <!-- edu.isistan.controller.ViajeControllerTest -->
      <class name="edu.isistan.controller.PlanControllerTest">
        <test-method signature="borrarPlanDeOtroUsuarioTest()" started-at="2020-11-18T14:08:59 ART" name="borrarPlanDeOtroUsuarioTest" finished-at="2020-11-18T14:09:15 ART" duration-ms="16023" status="PASS">
          <reporter-output>
          </reporter-output>
        </test-method> <!-- borrarPlanDeOtroUsuarioTest -->
        <test-method signature="getPlanesDeViajeTest()" started-at="2020-11-18T14:08:59 ART" name="getPlanesDeViajeTest" finished-at="2020-11-18T14:09:18 ART" duration-ms="19061" status="PASS">
          <reporter-output>
          </reporter-output>
        </test-method> <!-- getPlanesDeViajeTest -->
        <test-method signature="getPlanesDeViajeNoEncontradoTest()" started-at="2020-11-18T14:08:59 ART" name="getPlanesDeViajeNoEncontradoTest" finished-at="2020-11-18T14:09:21 ART" duration-ms="21827" status="PASS">
          <reporter-output>
          </reporter-output>
        </test-method> <!-- getPlanesDeViajeNoEncontradoTest -->
        <test-method signature="crearPlanVueloTest()" started-at="2020-11-18T14:08:59 ART" name="crearPlanVueloTest" finished-at="2020-11-18T14:09:23 ART" duration-ms="24489" status="PASS">
          <reporter-output>
          </reporter-output>
        </test-method> <!-- crearPlanVueloTest -->
        <test-method signature="crearPlanViajeTrenTest()" started-at="2020-11-18T14:08:59 ART" name="crearPlanViajeTrenTest" finished-at="2020-11-18T14:09:26 ART" duration-ms="27004" status="PASS">
          <reporter-output>
          </reporter-output>
        </test-method> <!-- crearPlanViajeTrenTest -->
        <test-method signature="getPlanNoEncontradoTest()" started-at="2020-11-18T14:08:59 ART" name="getPlanNoEncontradoTest" finished-at="2020-11-18T14:09:31 ART" duration-ms="31775" status="PASS">
          <reporter-output>
          </reporter-output>
        </test-method> <!-- getPlanNoEncontradoTest -->
        <test-method signature="borrarPlanTest()" started-at="2020-11-18T14:08:59 ART" name="borrarPlanTest" finished-at="2020-11-18T14:09:28 ART" duration-ms="29465" status="PASS">
          <reporter-output>
          </reporter-output>
        </test-method> <!-- borrarPlanTest -->
        <test-method signature="modificarPlanTest()" started-at="2020-11-18T14:08:59 ART" name="modificarPlanTest" finished-at="2020-11-18T14:09:33 ART" duration-ms="34026" status="PASS">
          <reporter-output>
          </reporter-output>
        </test-method> <!-- modificarPlanTest -->
        <test-method signature="crearPlanReservaHotelTest()" started-at="2020-11-18T14:08:59 ART" name="crearPlanReservaHotelTest" finished-at="2020-11-18T14:09:35 ART" duration-ms="36227" status="PASS">
          <reporter-output>
          </reporter-output>
        </test-method> <!-- crearPlanReservaHotelTest -->
        <test-method signature="crearPlanDatosVaciosTest()" started-at="2020-11-18T14:08:59 ART" name="crearPlanDatosVaciosTest" finished-at="2020-11-18T14:09:37 ART" duration-ms="38333" status="PASS">
          <reporter-output>
          </reporter-output>
        </test-method> <!-- crearPlanDatosVaciosTest -->
        <test-method signature="borrarPlanNoEncontradoTest()" started-at="2020-11-18T14:08:59 ART" name="borrarPlanNoEncontradoTest" finished-at="2020-11-18T14:09:39 ART" duration-ms="40409" status="PASS">
          <reporter-output>
          </reporter-output>
        </test-method> <!-- borrarPlanNoEncontradoTest -->
        <test-method signature="getPlanTest()" started-at="2020-11-18T14:08:59 ART" name="getPlanTest" finished-at="2020-11-18T14:09:41 ART" duration-ms="42621" status="PASS">
          <reporter-output>
          </reporter-output>
        </test-method> <!-- getPlanTest -->
        <test-method signature="crearPlanViajeColectivoTest()" started-at="2020-11-18T14:08:59 ART" name="crearPlanViajeColectivoTest" finished-at="2020-11-18T14:09:44 ART" duration-ms="44657" status="PASS">
          <reporter-output>
          </reporter-output>
        </test-method> <!-- crearPlanViajeColectivoTest -->
        <test-method signature="crearPlanAOtroUsuarioTest()" started-at="2020-11-18T14:08:59 ART" name="crearPlanAOtroUsuarioTest" finished-at="2020-11-18T14:09:46 ART" duration-ms="46745" status="PASS">
          <reporter-output>
          </reporter-output>
        </test-method> <!-- crearPlanAOtroUsuarioTest -->
        <test-method signature="getPlanesDelUsuarioTest()" started-at="2020-11-18T14:08:59 ART" name="getPlanesDelUsuarioTest" finished-at="2020-11-18T14:09:50 ART" duration-ms="50917" status="PASS">
          <reporter-output>
          </reporter-output>
        </test-method> <!-- getPlanesDelUsuarioTest -->
        <test-method signature="modificarPlanAOtroUsuarioTest()" started-at="2020-11-18T14:08:59 ART" name="modificarPlanAOtroUsuarioTest" finished-at="2020-11-18T14:09:52 ART" duration-ms="52952" status="PASS">
          <reporter-output>
          </reporter-output>
        </test-method> <!-- modificarPlanAOtroUsuarioTest -->
        <test-method signature="getPlanesDeViajeDeOtroUsuarioTest()" started-at="2020-11-18T14:08:59 ART" name="getPlanesDeViajeDeOtroUsuarioTest" finished-at="2020-11-18T14:09:48 ART" duration-ms="48933" status="PASS">
          <reporter-output>
          </reporter-output>
        </test-method> <!-- getPlanesDeViajeDeOtroUsuarioTest -->
        <test-method signature="getPlanDeOtroUsuarioTest()" started-at="2020-11-18T14:08:59 ART" name="getPlanDeOtroUsuarioTest" finished-at="2020-11-18T14:09:54 ART" duration-ms="54903" status="PASS">
          <reporter-output>
          </reporter-output>
        </test-method> <!-- getPlanDeOtroUsuarioTest -->
        <test-method signature="modificarPlanDatosVaciosTest()" started-at="2020-11-18T14:08:59 ART" name="modificarPlanDatosVaciosTest" finished-at="2020-11-18T14:09:56 ART" duration-ms="56965" status="PASS">
          <reporter-output>
          </reporter-output>
        </test-method> <!-- modificarPlanDatosVaciosTest -->
        <test-method signature="crearPlanAViajeNoEncontradoTest()" started-at="2020-11-18T14:08:59 ART" name="crearPlanAViajeNoEncontradoTest" finished-at="2020-11-18T14:09:58 ART" duration-ms="59109" status="PASS">
          <reporter-output>
          </reporter-output>
        </test-method> <!-- crearPlanAViajeNoEncontradoTest -->
        <test-method signature="modificarPlanNoEncontradoTest()" started-at="2020-11-18T14:08:59 ART" name="modificarPlanNoEncontradoTest" finished-at="2020-11-18T14:10:00 ART" duration-ms="61044" status="PASS">
          <reporter-output>
          </reporter-output>
        </test-method> <!-- modificarPlanNoEncontradoTest -->
      </class> <!-- edu.isistan.controller.PlanControllerTest -->
    </test> <!-- Surefire test -->
  </suite> <!-- Surefire suite -->
</testng-results>
