<?xml version="1.0" encoding="UTF-8"?>
<testsuite xmlns:xsi="http://www.w3.org/2001/XMLSchema-instance" xsi:noNamespaceSchemaLocation="https://maven.apache.org/surefire/maven-surefire-plugin/xsd/surefire-test-report-3.0.xsd" version="3.0" name="TestSuite" time="97.844" tests="37" errors="0" skipped="0" failures="0">
  <properties>
[...]
</properties>
  <testcase name="borrarPlanDeOtroUsuarioTest on borrarPlanDeOtroUsuarioTest(edu.isistan.controller.PlanControllerTest)" classname="edu.isistan.controller.PlanControllerTest" time="4.172"/>
  <testcase name="getPlanesDeViajeTest on getPlanesDeViajeTest(edu.isistan.controller.PlanControllerTest)" classname="edu.isistan.controller.PlanControllerTest" time="3.038"/>
  <testcase name="getPlanesDeViajeNoEncontradoTest on getPlanesDeViajeNoEncontradoTest(edu.isistan.controller.PlanControllerTest)" classname="edu.isistan.controller.PlanControllerTest" time="2.766"/>
  <testcase name="crearPlanVueloTest on crearPlanVueloTest(edu.isistan.controller.PlanControllerTest)" classname="edu.isistan.controller.PlanControllerTest" time="2.662"/>
  <testcase name="crearPlanViajeTrenTest on crearPlanViajeTrenTest(edu.isistan.controller.PlanControllerTest)" classname="edu.isistan.controller.PlanControllerTest" time="2.515"/>
  <testcase name="borrarPlanTest on borrarPlanTest(edu.isistan.controller.PlanControllerTest)" classname="edu.isistan.controller.PlanControllerTest" time="2.462"/>
  <testcase name="getPlanNoEncontradoTest on getPlanNoEncontradoTest(edu.isistan.controller.PlanControllerTest)" classname="edu.isistan.controller.PlanControllerTest" time="2.31"/>
  <testcase name="modificarPlanTest on modificarPlanTest(edu.isistan.controller.PlanControllerTest)" classname="edu.isistan.controller.PlanControllerTest" time="2.254"/>
  <testcase name="crearPlanReservaHotelTest on crearPlanReservaHotelTest(edu.isistan.controller.PlanControllerTest)" classname="edu.isistan.controller.PlanControllerTest" time="2.203"/>
  <testcase name="crearPlanDatosVaciosTest on crearPlanDatosVaciosTest(edu.isistan.controller.PlanControllerTest)" classname="edu.isistan.controller.PlanControllerTest" time="2.107"/>
  <testcase name="borrarPlanNoEncontradoTest on borrarPlanNoEncontradoTest(edu.isistan.controller.PlanControllerTest)" classname="edu.isistan.controller.PlanControllerTest" time="2.077"/>
  <testcase name="getPlanTest on getPlanTest(edu.isistan.controller.PlanControllerTest)" classname="edu.isistan.controller.PlanControllerTest" time="2.213"/>
  <testcase name="crearPlanViajeColectivoTest on crearPlanViajeColectivoTest(edu.isistan.controller.PlanControllerTest)" classname="edu.isistan.controller.PlanControllerTest" time="2.035"/>
  <testcase name="crearPlanAOtroUsuarioTest on crearPlanAOtroUsuarioTest(edu.isistan.controller.PlanControllerTest)" classname="edu.isistan.controller.PlanControllerTest" time="2.087"/>
  <testcase name="getPlanesDeViajeDeOtroUsuarioTest on getPlanesDeViajeDeOtroUsuarioTest(edu.isistan.controller.PlanControllerTest)" classname="edu.isistan.controller.PlanControllerTest" time="2.189"/>
  <testcase name="getPlanesDelUsuarioTest on getPlanesDelUsuarioTest(edu.isistan.controller.PlanControllerTest)" classname="edu.isistan.controller.PlanControllerTest" time="1.983"/>
  <testcase name="modificarPlanAOtroUsuarioTest on modificarPlanAOtroUsuarioTest(edu.isistan.controller.PlanControllerTest)" classname="edu.isistan.controller.PlanControllerTest" time="2.035"/>
  <testcase name="getPlanDeOtroUsuarioTest on getPlanDeOtroUsuarioTest(edu.isistan.controller.PlanControllerTest)" classname="edu.isistan.controller.PlanControllerTest" time="1.953"/>
  <testcase name="modificarPlanDatosVaciosTest on modificarPlanDatosVaciosTest(edu.isistan.controller.PlanControllerTest)" classname="edu.isistan.controller.PlanControllerTest" time="2.061"/>
  <testcase name="crearPlanAViajeNoEncontradoTest on crearPlanAViajeNoEncontradoTest(edu.isistan.controller.PlanControllerTest)" classname="edu.isistan.controller.PlanControllerTest" time="2.145"/>
  <testcase name="modificarPlanNoEncontradoTest on modificarPlanNoEncontradoTest(edu.isistan.controller.PlanControllerTest)" classname="edu.isistan.controller.PlanControllerTest" time="1.934"/>
  <testcase name="getViajesDeUsuarioRealizadosTest on getViajesDeUsuarioRealizadosTest(edu.isistan.controller.ViajeControllerTest)" classname="edu.isistan.controller.ViajeControllerTest" time="2.015"/>
  <testcase name="getViajesDeUsuarioTest on getViajesDeUsuarioTest(edu.isistan.controller.ViajeControllerTest)" classname="edu.isistan.controller.ViajeControllerTest" time="2.199"/>
  <testcase name="getViajeDeOtroUsuarioTest on getViajeDeOtroUsuarioTest(edu.isistan.controller.ViajeControllerTest)" classname="edu.isistan.controller.ViajeControllerTest" time="1.957"/>
  <testcase name="borrarViajeDeOtroUsuarioTest on borrarViajeDeOtroUsuarioTest(edu.isistan.controller.ViajeControllerTest)" classname="edu.isistan.controller.ViajeControllerTest" time="2.078"/>
  <testcase name="getViajeTest on getViajeTest(edu.isistan.controller.ViajeControllerTest)" classname="edu.isistan.controller.ViajeControllerTest" time="1.945"/>
  <testcase name="getViajeNoEncontradoTest on getViajeNoEncontradoTest(edu.isistan.controller.ViajeControllerTest)" classname="edu.isistan.controller.ViajeControllerTest" time="2.01"/>
  <testcase name="crearViajeSinDatosTest on crearViajeSinDatosTest(edu.isistan.controller.ViajeControllerTest)" classname="edu.isistan.controller.ViajeControllerTest" time="2.618"/>
  <testcase name="modificarViajeDeOtroUsuarioTest on modificarViajeDeOtroUsuarioTest(edu.isistan.controller.ViajeControllerTest)" classname="edu.isistan.controller.ViajeControllerTest" time="2.32"/>
  <testcase name="modificarViajeTest on modificarViajeTest(edu.isistan.controller.ViajeControllerTest)" classname="edu.isistan.controller.ViajeControllerTest" time="2.27"/>
  <testcase name="getViajesDeUsuarioPendientesTest on getViajesDeUsuarioPendientesTest(edu.isistan.controller.ViajeControllerTest)" classname="edu.isistan.controller.ViajeControllerTest" time="2.385"/>
  <testcase name="borrarViajeNoEncontradoTest on borrarViajeNoEncontradoTest(edu.isistan.controller.ViajeControllerTest)" classname="edu.isistan.controller.ViajeControllerTest" time="2.333"/>
  <testcase name="crearViajeTest on crearViajeTest(edu.isistan.controller.ViajeControllerTest)" classname="edu.isistan.controller.ViajeControllerTest" time="2.173"/>
  <testcase name="crearViajeConFinMayorAlInicioTest on crearViajeConFinMayorAlInicioTest(edu.isistan.controller.ViajeControllerTest)" classname="edu.isistan.controller.ViajeControllerTest" time="1.947"/>
  <testcase name="modificarViajeSinDatosTest on modificarViajeSinDatosTest(edu.isistan.controller.ViajeControllerTest)" classname="edu.isistan.controller.ViajeControllerTest" time="1.939"/>
  <testcase name="modificarViajeNoEncontradoTest on modificarViajeNoEncontradoTest(edu.isistan.controller.ViajeControllerTest)" classname="edu.isistan.controller.ViajeControllerTest" time="2.023"/>
  <testcase name="borrarViajeTest on borrarViajeTest(edu.isistan.controller.ViajeControllerTest)" classname="edu.isistan.controller.ViajeControllerTest" time="2.002"/>
</testsuite>