<?xml version="1.0" encoding="UTF-8"?>
<!-- Generated by org.testng.reporters.JUnitXMLReporter -->
<testsuite ignored="0" hostname="DESKTOP-I1IA376" failures="0" tests="37" name="Surefire test" time="96.431" errors="0" timestamp="2020-11-18T14:10:34 ART">
  <testcase classname="edu.isistan.controller.PlanControllerTest" name="borrarPlanDeOtroUsuarioTest on borrarPlanDeOtroUsuarioTest(edu.isistan.controller.PlanControllerTest)" time="16.023"/>
  <testcase classname="edu.isistan.controller.PlanControllerTest" name="getPlanesDeViajeTest on getPlanesDeViajeTest(edu.isistan.controller.PlanControllerTest)" time="19.061"/>
  <testcase classname="edu.isistan.controller.PlanControllerTest" name="getPlanesDeViajeNoEncontradoTest on getPlanesDeViajeNoEncontradoTest(edu.isistan.controller.PlanControllerTest)" time="21.827"/>
  <testcase classname="edu.isistan.controller.PlanControllerTest" name="crearPlanVueloTest on crearPlanVueloTest(edu.isistan.controller.PlanControllerTest)" time="24.489"/>
  <testcase classname="edu.isistan.controller.PlanControllerTest" name="crearPlanViajeTrenTest on crearPlanViajeTrenTest(edu.isistan.controller.PlanControllerTest)" time="27.004"/>
  <testcase classname="edu.isistan.controller.PlanControllerTest" name="borrarPlanTest on borrarPlanTest(edu.isistan.controller.PlanControllerTest)" time="29.465"/>
  <testcase classname="edu.isistan.controller.PlanControllerTest" name="getPlanNoEncontradoTest on getPlanNoEncontradoTest(edu.isistan.controller.PlanControllerTest)" time="31.775"/>
  <testcase classname="edu.isistan.controller.PlanControllerTest" name="modificarPlanTest on modificarPlanTest(edu.isistan.controller.PlanControllerTest)" time="34.026"/>
  <testcase classname="edu.isistan.controller.PlanControllerTest" name="crearPlanReservaHotelTest on crearPlanReservaHotelTest(edu.isistan.controller.PlanControllerTest)" time="36.227"/>
  <testcase classname="edu.isistan.controller.PlanControllerTest" name="crearPlanDatosVaciosTest on crearPlanDatosVaciosTest(edu.isistan.controller.PlanControllerTest)" time="38.333"/>
  <testcase classname="edu.isistan.controller.PlanControllerTest" name="borrarPlanNoEncontradoTest on borrarPlanNoEncontradoTest(edu.isistan.controller.PlanControllerTest)" time="40.409"/>
  <testcase classname="edu.isistan.controller.PlanControllerTest" name="getPlanTest on getPlanTest(edu.isistan.controller.PlanControllerTest)" time="42.621"/>
  <testcase classname="edu.isistan.controller.PlanControllerTest" name="crearPlanViajeColectivoTest on crearPlanViajeColectivoTest(edu.isistan.controller.PlanControllerTest)" time="44.657"/>
  <testcase classname="edu.isistan.controller.PlanControllerTest" name="crearPlanAOtroUsuarioTest on crearPlanAOtroUsuarioTest(edu.isistan.controller.PlanControllerTest)" time="46.745"/>
  <testcase classname="edu.isistan.controller.PlanControllerTest" name="getPlanesDeViajeDeOtroUsuarioTest on getPlanesDeViajeDeOtroUsuarioTest(edu.isistan.controller.PlanControllerTest)" time="48.933"/>
  <testcase classname="edu.isistan.controller.PlanControllerTest" name="getPlanesDelUsuarioTest on getPlanesDelUsuarioTest(edu.isistan.controller.PlanControllerTest)" time="50.917"/>
  <testcase classname="edu.isistan.controller.PlanControllerTest" name="modificarPlanAOtroUsuarioTest on modificarPlanAOtroUsuarioTest(edu.isistan.controller.PlanControllerTest)" time="52.952"/>
  <testcase classname="edu.isistan.controller.PlanControllerTest" name="getPlanDeOtroUsuarioTest on getPlanDeOtroUsuarioTest(edu.isistan.controller.PlanControllerTest)" time="54.903"/>
  <testcase classname="edu.isistan.controller.PlanControllerTest" name="modificarPlanDatosVaciosTest on modificarPlanDatosVaciosTest(edu.isistan.controller.PlanControllerTest)" time="56.965"/>
  <testcase classname="edu.isistan.controller.PlanControllerTest" name="crearPlanAViajeNoEncontradoTest on crearPlanAViajeNoEncontradoTest(edu.isistan.controller.PlanControllerTest)" time="59.109"/>
  <testcase classname="edu.isistan.controller.PlanControllerTest" name="modificarPlanNoEncontradoTest on modificarPlanNoEncontradoTest(edu.isistan.controller.PlanControllerTest)" time="61.044"/>
  <testcase classname="edu.isistan.controller.ViajeControllerTest" name="getViajesDeUsuarioRealizadosTest on getViajesDeUsuarioRealizadosTest(edu.isistan.controller.ViajeControllerTest)" time="2.017"/>
  <testcase classname="edu.isistan.controller.ViajeControllerTest" name="getViajesDeUsuarioTest on getViajesDeUsuarioTest(edu.isistan.controller.ViajeControllerTest)" time="4.215"/>
  <testcase classname="edu.isistan.controller.ViajeControllerTest" name="getViajeDeOtroUsuarioTest on getViajeDeOtroUsuarioTest(edu.isistan.controller.ViajeControllerTest)" time="6.172"/>
  <testcase classname="edu.isistan.controller.ViajeControllerTest" name="borrarViajeDeOtroUsuarioTest on borrarViajeDeOtroUsuarioTest(edu.isistan.controller.ViajeControllerTest)" time="8.25"/>
  <testcase classname="edu.isistan.controller.ViajeControllerTest" name="getViajeTest on getViajeTest(edu.isistan.controller.ViajeControllerTest)" time="10.196"/>
  <testcase classname="edu.isistan.controller.ViajeControllerTest" name="getViajeNoEncontradoTest on getViajeNoEncontradoTest(edu.isistan.controller.ViajeControllerTest)" time="12.206"/>
  <testcase classname="edu.isistan.controller.ViajeControllerTest" name="crearViajeSinDatosTest on crearViajeSinDatosTest(edu.isistan.controller.ViajeControllerTest)" time="14.824"/>
  <testcase classname="edu.isistan.controller.ViajeControllerTest" name="modificarViajeDeOtroUsuarioTest on modificarViajeDeOtroUsuarioTest(edu.isistan.controller.ViajeControllerTest)" time="17.146"/>
  <testcase classname="edu.isistan.controller.ViajeControllerTest" name="modificarViajeTest on modificarViajeTest(edu.isistan.controller.ViajeControllerTest)" time="19.417"/>
  <testcase classname="edu.isistan.controller.ViajeControllerTest" name="getViajesDeUsuarioPendientesTest on getViajesDeUsuarioPendientesTest(edu.isistan.controller.ViajeControllerTest)" time="21.803"/>
  <testcase classname="edu.isistan.controller.ViajeControllerTest" name="borrarViajeNoEncontradoTest on borrarViajeNoEncontradoTest(edu.isistan.controller.ViajeControllerTest)" time="24.136"/>
  <testcase classname="edu.isistan.controller.ViajeControllerTest" name="crearViajeTest on crearViajeTest(edu.isistan.controller.ViajeControllerTest)" time="26.31"/>
  <testcase classname="edu.isistan.controller.ViajeControllerTest" name="crearViajeConFinMayorAlInicioTest on crearViajeConFinMayorAlInicioTest(edu.isistan.controller.ViajeControllerTest)" time="28.257"/>
  <testcase classname="edu.isistan.controller.ViajeControllerTest" name="modificarViajeSinDatosTest on modificarViajeSinDatosTest(edu.isistan.controller.ViajeControllerTest)" time="30.197"/>
  <testcase classname="edu.isistan.controller.ViajeControllerTest" name="modificarViajeNoEncontradoTest on modificarViajeNoEncontradoTest(edu.isistan.controller.ViajeControllerTest)" time="32.22"/>
  <testcase classname="edu.isistan.controller.ViajeControllerTest" name="borrarViajeTest on borrarViajeTest(edu.isistan.controller.ViajeControllerTest)" time="34.223"/>
</testsuite> <!-- Surefire test -->
